<?xml version="1.0" encoding="UTF-8" ?>
<testsuite tests="5" failures="0" name="nl.sogyo.mancalamaven.domain.PlayerTest" time="0" errors="0" skipped="0">
  <properties>
[...]
</properties>
  <testcase classname="nl.sogyo.mancalamaven.domain.PlayerTest" name="testSecondPlayerNotTurn" time="0"/>
  <testcase classname="nl.sogyo.mancalamaven.domain.PlayerTest" name="testSecondPlayerGainsTurnWhenSwitched" time="0"/>
  <testcase classname="nl.sogyo.mancalamaven.domain.PlayerTest" name="testFirstPlayerHasTurn" time="0"/>
  <testcase classname="nl.sogyo.mancalamaven.domain.PlayerTest" name="testFirstPlayerLosesTurnWhenSwitched" time="0"/>
  <testcase classname="nl.sogyo.mancalamaven.domain.PlayerTest" name="testSecondPlayersOpponentIsFirstPlayer" time="0"/>
</testsuite>